<?xml version="1.0" encoding="UTF-8"?>
<testsuite name="Scenario: Realizar login" tests="7" skipped="0" failures="0" errors="0" timestamp="2021-10-13T16:27:00" hostname="DESKTOP-V9QR6M8" time="16.103">
  <properties/>
  <testcase name="Given el usuario se encuentra en el home para realizar login" classname="Scenario: Realizar login" time="0.001"/>
  <testcase name="When presiona el boton igresar del home para realizar login" classname="Scenario: Realizar login" time="0.0"/>
  <testcase name="And ingresa su rut" classname="Scenario: Realizar login" time="0.0"/>
  <testcase name="And ingresa su clave" classname="Scenario: Realizar login" time="0.0"/>
  <testcase name="And presiona el boton ingresar en el login" classname="Scenario: Realizar login" time="0.0"/>
  <testcase name="Then se debe ingresar al sitio privado del banco santander" classname="Scenario: Realizar login" time="0.0"/>
  <testcase name="classMethod" classname="Scenario: Realizar login" time="16.477"/>
  <system-out><![CDATA[Usuario se encuentra en el Home
]]></system-out>
  <system-err><![CDATA[]]></system-err>
</testsuite>
